12:30:00 **** Incremental Build of configuration gcc-release for project TICTOC ****
make MODE=release CONFIGNAME=gcc-release all 
txc1.cc
Creating executable: out/gcc-release//TICTOC

12:30:02 Build Finished (took 2s.372ms)

12:30:02 **** Incremental Build of configuration gcc-debug for project TICTOC ****
make MODE=debug CONFIGNAME=gcc-debug all 
txc1.cc
Creating executable: out/gcc-debug//TICTOC
12:30:09 **** Incremental Build of configuration gcc-debug for project MiXiM ****
make MODE=debug CONFIGNAME=gcc-debug all 
cd src && make
make[1]: Entering directory `/home/rutho/BA/mixim-2.3/src'
make[1]: Leaving directory `/home/rutho/BA/mixim-2.3/src'
cd examples && make
make[1]: Entering directory `/home/rutho/BA/mixim-2.3/examples'
make[1]: Leaving directory `/home/rutho/BA/mixim-2.3/examples'
12:30:10 **** Incremental Build of configuration gcc-debug for project TICTOC ****
make MODE=debug CONFIGNAME=gcc-debug all 
12:30:11 **** Incremental Build of configuration gcc-debug for project aloha ****
make MODE=debug CONFIGNAME=gcc-debug all 
12:30:11 **** Build of configuration gcc-debug for project tictoc ****
make MODE=debug CONFIGNAME=gcc-debug all 
txc16.cc
txc6.cc
MSGC: tictoc15.msg
txc15.cc
MSGC: tictoc13.msg
txc13.cc
txc8.cc
txc1.cc
MSGC: tictoc14.msg
txc14.cc
txc3.cc
txc4.cc
tictoc16_m.cc
tictoc15_m.cc
tictoc13_m.cc
tictoc14_m.cc
Creating executable: out/gcc-debug//tictoc
