\BOOKMARK [0][-]{Inhaltsverzeichnis.0}{Inhaltsverzeichnis}{}% 1
\BOOKMARK [0][-]{chapter*.2}{Abbildungsverzeichnis}{}% 2
\BOOKMARK [0][-]{chapter.1}{Einleitung}{}% 3
\BOOKMARK [0][-]{chapter.2}{Vorbetrachtungen}{}% 4
\BOOKMARK [1][-]{section.2.1}{Evaluation von Systemen}{chapter.2}% 5
\BOOKMARK [1][-]{section.2.2}{Sensoren}{chapter.2}% 6
\BOOKMARK [0][-]{chapter.3}{Simulationsumgebung Omnet++}{}% 7
\BOOKMARK [1][-]{section.3.1}{Alternativen}{chapter.3}% 8
\BOOKMARK [1][-]{section.3.2}{Einleitung}{chapter.3}% 9
\BOOKMARK [2][-]{subsection.3.2.1}{Einige Techniken und Funktionen}{section.3.2}% 10
\BOOKMARK [1][-]{section.3.3}{MiXiM}{chapter.3}% 11
\BOOKMARK [2][-]{subsection.3.3.1}{Einleitung}{section.3.3}% 12
\BOOKMARK [2][-]{subsection.3.3.2}{Einige wichtige Module}{section.3.3}% 13
\BOOKMARK [0][-]{chapter.4}{Implementierung}{}% 14
\BOOKMARK [1][-]{section.4.1}{Einleitung}{chapter.4}% 15
\BOOKMARK [1][-]{section.4.2}{Aufbau und Struktur}{chapter.4}% 16
\BOOKMARK [2][-]{subsection.4.2.1}{Klassen\374bersicht}{section.4.2}% 17
\BOOKMARK [2][-]{subsection.4.2.2}{Netzwerk}{section.4.2}% 18
\BOOKMARK [1][-]{section.4.3}{Funktionsweise}{chapter.4}% 19
\BOOKMARK [0][-]{chapter.5}{Zusammenfassung}{}% 20
\BOOKMARK [0][-]{chapter*.24}{Literatur- und Webverzeichnis}{}% 21
